[     784ms] [VERBOSE] [DOM] Password field is not contained in a form: (More info: https://goo.gl/9p2vKq) %o @ https://ob-punch-mco.vercel.app/:0
[    1108ms] [ERROR] Failed to load resource: the server responded with a status of 404 () @ https://estiigbmmcrzkgjtqmsr.supabase.co/rest/v1/rpc/now:0
[   60774ms] [ERROR] Failed to load resource: the server responded with a status of 404 () @ https://estiigbmmcrzkgjtqmsr.supabase.co/rest/v1/rpc/now:0
[  108357ms] [ERROR] Failed to load resource: the server responded with a status of 409 () @ https://ob-punch-mco.vercel.app/api/punch:0
[  120770ms] [ERROR] Failed to load resource: the server responded with a status of 404 () @ https://estiigbmmcrzkgjtqmsr.supabase.co/rest/v1/rpc/now:0
[  180925ms] [ERROR] Failed to load resource: the server responded with a status of 404 () @ https://estiigbmmcrzkgjtqmsr.supabase.co/rest/v1/rpc/now:0
[  240751ms] [ERROR] Failed to load resource: the server responded with a status of 404 () @ https://estiigbmmcrzkgjtqmsr.supabase.co/rest/v1/rpc/now:0
[  300798ms] [ERROR] Failed to load resource: the server responded with a status of 404 () @ https://estiigbmmcrzkgjtqmsr.supabase.co/rest/v1/rpc/now:0
[  360777ms] [ERROR] Failed to load resource: the server responded with a status of 404 () @ https://estiigbmmcrzkgjtqmsr.supabase.co/rest/v1/rpc/now:0
[  420846ms] [ERROR] Failed to load resource: the server responded with a status of 404 () @ https://estiigbmmcrzkgjtqmsr.supabase.co/rest/v1/rpc/now:0
[  481160ms] [ERROR] Failed to load resource: the server responded with a status of 404 () @ https://estiigbmmcrzkgjtqmsr.supabase.co/rest/v1/rpc/now:0
[  540907ms] [ERROR] Failed to load resource: the server responded with a status of 404 () @ https://estiigbmmcrzkgjtqmsr.supabase.co/rest/v1/rpc/now:0
[  600765ms] [ERROR] Failed to load resource: the server responded with a status of 404 () @ https://estiigbmmcrzkgjtqmsr.supabase.co/rest/v1/rpc/now:0
[  660958ms] [ERROR] Failed to load resource: the server responded with a status of 404 () @ https://estiigbmmcrzkgjtqmsr.supabase.co/rest/v1/rpc/now:0
[  720799ms] [ERROR] Failed to load resource: the server responded with a status of 404 () @ https://estiigbmmcrzkgjtqmsr.supabase.co/rest/v1/rpc/now:0
[  783254ms] [ERROR] Failed to load resource: the server responded with a status of 404 () @ https://estiigbmmcrzkgjtqmsr.supabase.co/rest/v1/rpc/now:0
[  840790ms] [ERROR] Failed to load resource: the server responded with a status of 404 () @ https://estiigbmmcrzkgjtqmsr.supabase.co/rest/v1/rpc/now:0
[  900813ms] [ERROR] Failed to load resource: the server responded with a status of 404 () @ https://estiigbmmcrzkgjtqmsr.supabase.co/rest/v1/rpc/now:0
[  960771ms] [ERROR] Failed to load resource: the server responded with a status of 404 () @ https://estiigbmmcrzkgjtqmsr.supabase.co/rest/v1/rpc/now:0
[ 1020795ms] [ERROR] Failed to load resource: the server responded with a status of 404 () @ https://estiigbmmcrzkgjtqmsr.supabase.co/rest/v1/rpc/now:0
[ 1080775ms] [ERROR] Failed to load resource: the server responded with a status of 404 () @ https://estiigbmmcrzkgjtqmsr.supabase.co/rest/v1/rpc/now:0
[ 1140762ms] [ERROR] Failed to load resource: the server responded with a status of 404 () @ https://estiigbmmcrzkgjtqmsr.supabase.co/rest/v1/rpc/now:0
[ 1200763ms] [ERROR] Failed to load resource: the server responded with a status of 404 () @ https://estiigbmmcrzkgjtqmsr.supabase.co/rest/v1/rpc/now:0
[ 1260780ms] [ERROR] Failed to load resource: the server responded with a status of 404 () @ https://estiigbmmcrzkgjtqmsr.supabase.co/rest/v1/rpc/now:0
[ 1320883ms] [ERROR] Failed to load resource: the server responded with a status of 404 () @ https://estiigbmmcrzkgjtqmsr.supabase.co/rest/v1/rpc/now:0
[ 1380774ms] [ERROR] Failed to load resource: the server responded with a status of 404 () @ https://estiigbmmcrzkgjtqmsr.supabase.co/rest/v1/rpc/now:0
[ 1440766ms] [ERROR] Failed to load resource: the server responded with a status of 404 () @ https://estiigbmmcrzkgjtqmsr.supabase.co/rest/v1/rpc/now:0
[ 1500810ms] [ERROR] Failed to load resource: the server responded with a status of 404 () @ https://estiigbmmcrzkgjtqmsr.supabase.co/rest/v1/rpc/now:0
[ 1560805ms] [ERROR] Failed to load resource: the server responded with a status of 404 () @ https://estiigbmmcrzkgjtqmsr.supabase.co/rest/v1/rpc/now:0
[ 1620774ms] [ERROR] Failed to load resource: the server responded with a status of 404 () @ https://estiigbmmcrzkgjtqmsr.supabase.co/rest/v1/rpc/now:0
[ 1680770ms] [ERROR] Failed to load resource: the server responded with a status of 404 () @ https://estiigbmmcrzkgjtqmsr.supabase.co/rest/v1/rpc/now:0
[ 1740755ms] [ERROR] Failed to load resource: the server responded with a status of 404 () @ https://estiigbmmcrzkgjtqmsr.supabase.co/rest/v1/rpc/now:0
[ 1800786ms] [ERROR] Failed to load resource: the server responded with a status of 404 () @ https://estiigbmmcrzkgjtqmsr.supabase.co/rest/v1/rpc/now:0
[ 1860766ms] [ERROR] Failed to load resource: the server responded with a status of 404 () @ https://estiigbmmcrzkgjtqmsr.supabase.co/rest/v1/rpc/now:0
[ 1920785ms] [ERROR] Failed to load resource: the server responded with a status of 404 () @ https://estiigbmmcrzkgjtqmsr.supabase.co/rest/v1/rpc/now:0
[ 1980779ms] [ERROR] Failed to load resource: the server responded with a status of 404 () @ https://estiigbmmcrzkgjtqmsr.supabase.co/rest/v1/rpc/now:0
[ 2040774ms] [ERROR] Failed to load resource: the server responded with a status of 404 () @ https://estiigbmmcrzkgjtqmsr.supabase.co/rest/v1/rpc/now:0
[ 2100773ms] [ERROR] Failed to load resource: the server responded with a status of 404 () @ https://estiigbmmcrzkgjtqmsr.supabase.co/rest/v1/rpc/now:0
[ 2161253ms] [ERROR] Failed to load resource: the server responded with a status of 404 () @ https://estiigbmmcrzkgjtqmsr.supabase.co/rest/v1/rpc/now:0
[ 2220779ms] [ERROR] Failed to load resource: the server responded with a status of 404 () @ https://estiigbmmcrzkgjtqmsr.supabase.co/rest/v1/rpc/now:0
[ 2280799ms] [ERROR] Failed to load resource: the server responded with a status of 404 () @ https://estiigbmmcrzkgjtqmsr.supabase.co/rest/v1/rpc/now:0
[ 2340792ms] [ERROR] Failed to load resource: the server responded with a status of 404 () @ https://estiigbmmcrzkgjtqmsr.supabase.co/rest/v1/rpc/now:0
[ 2400807ms] [ERROR] Failed to load resource: the server responded with a status of 404 () @ https://estiigbmmcrzkgjtqmsr.supabase.co/rest/v1/rpc/now:0
[ 2460770ms] [ERROR] Failed to load resource: the server responded with a status of 404 () @ https://estiigbmmcrzkgjtqmsr.supabase.co/rest/v1/rpc/now:0
[ 2520755ms] [ERROR] Failed to load resource: the server responded with a status of 404 () @ https://estiigbmmcrzkgjtqmsr.supabase.co/rest/v1/rpc/now:0
[ 2580791ms] [ERROR] Failed to load resource: the server responded with a status of 404 () @ https://estiigbmmcrzkgjtqmsr.supabase.co/rest/v1/rpc/now:0
[ 2640775ms] [ERROR] Failed to load resource: the server responded with a status of 404 () @ https://estiigbmmcrzkgjtqmsr.supabase.co/rest/v1/rpc/now:0
[ 2700782ms] [ERROR] Failed to load resource: the server responded with a status of 404 () @ https://estiigbmmcrzkgjtqmsr.supabase.co/rest/v1/rpc/now:0
[ 2760800ms] [ERROR] Failed to load resource: the server responded with a status of 404 () @ https://estiigbmmcrzkgjtqmsr.supabase.co/rest/v1/rpc/now:0
[ 2820787ms] [ERROR] Failed to load resource: the server responded with a status of 404 () @ https://estiigbmmcrzkgjtqmsr.supabase.co/rest/v1/rpc/now:0
[ 2880763ms] [ERROR] Failed to load resource: the server responded with a status of 404 () @ https://estiigbmmcrzkgjtqmsr.supabase.co/rest/v1/rpc/now:0
[ 2940766ms] [ERROR] Failed to load resource: the server responded with a status of 404 () @ https://estiigbmmcrzkgjtqmsr.supabase.co/rest/v1/rpc/now:0
[ 3000783ms] [ERROR] Failed to load resource: the server responded with a status of 404 () @ https://estiigbmmcrzkgjtqmsr.supabase.co/rest/v1/rpc/now:0
[ 3060772ms] [ERROR] Failed to load resource: the server responded with a status of 404 () @ https://estiigbmmcrzkgjtqmsr.supabase.co/rest/v1/rpc/now:0
[ 3120755ms] [ERROR] Failed to load resource: the server responded with a status of 404 () @ https://estiigbmmcrzkgjtqmsr.supabase.co/rest/v1/rpc/now:0
[ 3180815ms] [ERROR] Failed to load resource: the server responded with a status of 404 () @ https://estiigbmmcrzkgjtqmsr.supabase.co/rest/v1/rpc/now:0
[ 3240780ms] [ERROR] Failed to load resource: the server responded with a status of 404 () @ https://estiigbmmcrzkgjtqmsr.supabase.co/rest/v1/rpc/now:0
[ 3300798ms] [ERROR] Failed to load resource: the server responded with a status of 404 () @ https://estiigbmmcrzkgjtqmsr.supabase.co/rest/v1/rpc/now:0
[ 3973598ms] [ERROR] Failed to load resource: the server responded with a status of 404 () @ https://estiigbmmcrzkgjtqmsr.supabase.co/rest/v1/rpc/now:0
[ 4021124ms] [ERROR] Failed to load resource: the server responded with a status of 404 () @ https://estiigbmmcrzkgjtqmsr.supabase.co/rest/v1/rpc/now:0
[ 4080772ms] [ERROR] Failed to load resource: the server responded with a status of 404 () @ https://estiigbmmcrzkgjtqmsr.supabase.co/rest/v1/rpc/now:0
[ 4141020ms] [ERROR] Failed to load resource: the server responded with a status of 404 () @ https://estiigbmmcrzkgjtqmsr.supabase.co/rest/v1/rpc/now:0
[ 4200763ms] [ERROR] Failed to load resource: the server responded with a status of 404 () @ https://estiigbmmcrzkgjtqmsr.supabase.co/rest/v1/rpc/now:0
[ 4260803ms] [ERROR] Failed to load resource: the server responded with a status of 404 () @ https://estiigbmmcrzkgjtqmsr.supabase.co/rest/v1/rpc/now:0
[ 4320768ms] [ERROR] Failed to load resource: the server responded with a status of 404 () @ https://estiigbmmcrzkgjtqmsr.supabase.co/rest/v1/rpc/now:0
[ 4380769ms] [ERROR] Failed to load resource: the server responded with a status of 404 () @ https://estiigbmmcrzkgjtqmsr.supabase.co/rest/v1/rpc/now:0
[ 4440767ms] [ERROR] Failed to load resource: the server responded with a status of 404 () @ https://estiigbmmcrzkgjtqmsr.supabase.co/rest/v1/rpc/now:0
[ 4500767ms] [ERROR] Failed to load resource: the server responded with a status of 404 () @ https://estiigbmmcrzkgjtqmsr.supabase.co/rest/v1/rpc/now:0
[ 4560803ms] [ERROR] Failed to load resource: the server responded with a status of 404 () @ https://estiigbmmcrzkgjtqmsr.supabase.co/rest/v1/rpc/now:0
[ 4620797ms] [ERROR] Failed to load resource: the server responded with a status of 404 () @ https://estiigbmmcrzkgjtqmsr.supabase.co/rest/v1/rpc/now:0
[ 4680784ms] [ERROR] Failed to load resource: the server responded with a status of 404 () @ https://estiigbmmcrzkgjtqmsr.supabase.co/rest/v1/rpc/now:0
[ 4740763ms] [ERROR] Failed to load resource: the server responded with a status of 404 () @ https://estiigbmmcrzkgjtqmsr.supabase.co/rest/v1/rpc/now:0
