[    1315ms] [VERBOSE] [DOM] Password field is not contained in a form: (More info: https://goo.gl/9p2vKq) %o @ https://ob-punch-mco.vercel.app/?v=7ef12c6:0
[    1936ms] [ERROR] Failed to load resource: the server responded with a status of 404 () @ https://estiigbmmcrzkgjtqmsr.supabase.co/rest/v1/rpc/now:0
[   61379ms] [ERROR] Failed to load resource: the server responded with a status of 404 () @ https://estiigbmmcrzkgjtqmsr.supabase.co/rest/v1/rpc/now:0
[  121410ms] [ERROR] Failed to load resource: the server responded with a status of 404 () @ https://estiigbmmcrzkgjtqmsr.supabase.co/rest/v1/rpc/now:0
[  181405ms] [ERROR] Failed to load resource: the server responded with a status of 404 () @ https://estiigbmmcrzkgjtqmsr.supabase.co/rest/v1/rpc/now:0
[  241396ms] [ERROR] Failed to load resource: the server responded with a status of 404 () @ https://estiigbmmcrzkgjtqmsr.supabase.co/rest/v1/rpc/now:0
[  301375ms] [ERROR] Failed to load resource: the server responded with a status of 404 () @ https://estiigbmmcrzkgjtqmsr.supabase.co/rest/v1/rpc/now:0
[  361399ms] [ERROR] Failed to load resource: the server responded with a status of 404 () @ https://estiigbmmcrzkgjtqmsr.supabase.co/rest/v1/rpc/now:0
[  421374ms] [ERROR] Failed to load resource: the server responded with a status of 404 () @ https://estiigbmmcrzkgjtqmsr.supabase.co/rest/v1/rpc/now:0
[  481490ms] [ERROR] Failed to load resource: the server responded with a status of 404 () @ https://estiigbmmcrzkgjtqmsr.supabase.co/rest/v1/rpc/now:0
[  541405ms] [ERROR] Failed to load resource: the server responded with a status of 404 () @ https://estiigbmmcrzkgjtqmsr.supabase.co/rest/v1/rpc/now:0
[  601401ms] [ERROR] Failed to load resource: the server responded with a status of 404 () @ https://estiigbmmcrzkgjtqmsr.supabase.co/rest/v1/rpc/now:0
[  661403ms] [ERROR] Failed to load resource: the server responded with a status of 404 () @ https://estiigbmmcrzkgjtqmsr.supabase.co/rest/v1/rpc/now:0
[  721445ms] [ERROR] Failed to load resource: the server responded with a status of 404 () @ https://estiigbmmcrzkgjtqmsr.supabase.co/rest/v1/rpc/now:0
[  781404ms] [ERROR] Failed to load resource: the server responded with a status of 404 () @ https://estiigbmmcrzkgjtqmsr.supabase.co/rest/v1/rpc/now:0
[  841377ms] [ERROR] Failed to load resource: the server responded with a status of 404 () @ https://estiigbmmcrzkgjtqmsr.supabase.co/rest/v1/rpc/now:0
[  901417ms] [ERROR] Failed to load resource: the server responded with a status of 404 () @ https://estiigbmmcrzkgjtqmsr.supabase.co/rest/v1/rpc/now:0
[  961381ms] [ERROR] Failed to load resource: the server responded with a status of 404 () @ https://estiigbmmcrzkgjtqmsr.supabase.co/rest/v1/rpc/now:0
[ 1021377ms] [ERROR] Failed to load resource: the server responded with a status of 404 () @ https://estiigbmmcrzkgjtqmsr.supabase.co/rest/v1/rpc/now:0
[ 1081388ms] [ERROR] Failed to load resource: the server responded with a status of 404 () @ https://estiigbmmcrzkgjtqmsr.supabase.co/rest/v1/rpc/now:0
[ 1141391ms] [ERROR] Failed to load resource: the server responded with a status of 404 () @ https://estiigbmmcrzkgjtqmsr.supabase.co/rest/v1/rpc/now:0
[ 1201376ms] [ERROR] Failed to load resource: the server responded with a status of 404 () @ https://estiigbmmcrzkgjtqmsr.supabase.co/rest/v1/rpc/now:0
[ 1261385ms] [ERROR] Failed to load resource: the server responded with a status of 404 () @ https://estiigbmmcrzkgjtqmsr.supabase.co/rest/v1/rpc/now:0
[ 1321380ms] [ERROR] Failed to load resource: the server responded with a status of 404 () @ https://estiigbmmcrzkgjtqmsr.supabase.co/rest/v1/rpc/now:0
[ 1381383ms] [ERROR] Failed to load resource: the server responded with a status of 404 () @ https://estiigbmmcrzkgjtqmsr.supabase.co/rest/v1/rpc/now:0
[ 1441378ms] [ERROR] Failed to load resource: the server responded with a status of 404 () @ https://estiigbmmcrzkgjtqmsr.supabase.co/rest/v1/rpc/now:0
[ 1501378ms] [ERROR] Failed to load resource: the server responded with a status of 404 () @ https://estiigbmmcrzkgjtqmsr.supabase.co/rest/v1/rpc/now:0
[ 1561380ms] [ERROR] Failed to load resource: the server responded with a status of 404 () @ https://estiigbmmcrzkgjtqmsr.supabase.co/rest/v1/rpc/now:0
[ 1621385ms] [ERROR] Failed to load resource: the server responded with a status of 404 () @ https://estiigbmmcrzkgjtqmsr.supabase.co/rest/v1/rpc/now:0
[ 1681372ms] [ERROR] Failed to load resource: the server responded with a status of 404 () @ https://estiigbmmcrzkgjtqmsr.supabase.co/rest/v1/rpc/now:0
[ 1741379ms] [ERROR] Failed to load resource: the server responded with a status of 404 () @ https://estiigbmmcrzkgjtqmsr.supabase.co/rest/v1/rpc/now:0
[ 1801406ms] [ERROR] Failed to load resource: the server responded with a status of 404 () @ https://estiigbmmcrzkgjtqmsr.supabase.co/rest/v1/rpc/now:0
[ 1861372ms] [ERROR] Failed to load resource: the server responded with a status of 404 () @ https://estiigbmmcrzkgjtqmsr.supabase.co/rest/v1/rpc/now:0
[ 1921396ms] [ERROR] Failed to load resource: the server responded with a status of 404 () @ https://estiigbmmcrzkgjtqmsr.supabase.co/rest/v1/rpc/now:0
[ 1981370ms] [ERROR] Failed to load resource: the server responded with a status of 404 () @ https://estiigbmmcrzkgjtqmsr.supabase.co/rest/v1/rpc/now:0
[ 2041385ms] [ERROR] Failed to load resource: the server responded with a status of 404 () @ https://estiigbmmcrzkgjtqmsr.supabase.co/rest/v1/rpc/now:0
[ 2101398ms] [ERROR] Failed to load resource: the server responded with a status of 404 () @ https://estiigbmmcrzkgjtqmsr.supabase.co/rest/v1/rpc/now:0
[ 2161409ms] [ERROR] Failed to load resource: the server responded with a status of 404 () @ https://estiigbmmcrzkgjtqmsr.supabase.co/rest/v1/rpc/now:0
[ 2221408ms] [ERROR] Failed to load resource: the server responded with a status of 404 () @ https://estiigbmmcrzkgjtqmsr.supabase.co/rest/v1/rpc/now:0
[ 2281377ms] [ERROR] Failed to load resource: the server responded with a status of 404 () @ https://estiigbmmcrzkgjtqmsr.supabase.co/rest/v1/rpc/now:0
[ 2341372ms] [ERROR] Failed to load resource: the server responded with a status of 404 () @ https://estiigbmmcrzkgjtqmsr.supabase.co/rest/v1/rpc/now:0
[ 2401446ms] [ERROR] Failed to load resource: the server responded with a status of 404 () @ https://estiigbmmcrzkgjtqmsr.supabase.co/rest/v1/rpc/now:0
[ 2461374ms] [ERROR] Failed to load resource: the server responded with a status of 404 () @ https://estiigbmmcrzkgjtqmsr.supabase.co/rest/v1/rpc/now:0
[ 2521404ms] [ERROR] Failed to load resource: the server responded with a status of 404 () @ https://estiigbmmcrzkgjtqmsr.supabase.co/rest/v1/rpc/now:0
[ 2581371ms] [ERROR] Failed to load resource: the server responded with a status of 404 () @ https://estiigbmmcrzkgjtqmsr.supabase.co/rest/v1/rpc/now:0
[ 2641382ms] [ERROR] Failed to load resource: the server responded with a status of 404 () @ https://estiigbmmcrzkgjtqmsr.supabase.co/rest/v1/rpc/now:0
[ 3255808ms] [ERROR] Failed to load resource: the server responded with a status of 404 () @ https://estiigbmmcrzkgjtqmsr.supabase.co/rest/v1/rpc/now:0
[ 3303762ms] [ERROR] Failed to load resource: the server responded with a status of 404 () @ https://estiigbmmcrzkgjtqmsr.supabase.co/rest/v1/rpc/now:0
[ 3361411ms] [ERROR] Failed to load resource: the server responded with a status of 404 () @ https://estiigbmmcrzkgjtqmsr.supabase.co/rest/v1/rpc/now:0
[ 3421391ms] [ERROR] Failed to load resource: the server responded with a status of 404 () @ https://estiigbmmcrzkgjtqmsr.supabase.co/rest/v1/rpc/now:0
[ 3481403ms] [ERROR] Failed to load resource: the server responded with a status of 404 () @ https://estiigbmmcrzkgjtqmsr.supabase.co/rest/v1/rpc/now:0
[ 3541403ms] [ERROR] Failed to load resource: the server responded with a status of 404 () @ https://estiigbmmcrzkgjtqmsr.supabase.co/rest/v1/rpc/now:0
[ 3601385ms] [ERROR] Failed to load resource: the server responded with a status of 404 () @ https://estiigbmmcrzkgjtqmsr.supabase.co/rest/v1/rpc/now:0
[ 3661423ms] [ERROR] Failed to load resource: the server responded with a status of 404 () @ https://estiigbmmcrzkgjtqmsr.supabase.co/rest/v1/rpc/now:0
[ 3721391ms] [ERROR] Failed to load resource: the server responded with a status of 404 () @ https://estiigbmmcrzkgjtqmsr.supabase.co/rest/v1/rpc/now:0
[ 3781405ms] [ERROR] Failed to load resource: the server responded with a status of 404 () @ https://estiigbmmcrzkgjtqmsr.supabase.co/rest/v1/rpc/now:0
[ 3841397ms] [ERROR] Failed to load resource: the server responded with a status of 404 () @ https://estiigbmmcrzkgjtqmsr.supabase.co/rest/v1/rpc/now:0
[ 3901384ms] [ERROR] Failed to load resource: the server responded with a status of 404 () @ https://estiigbmmcrzkgjtqmsr.supabase.co/rest/v1/rpc/now:0
[ 3961662ms] [ERROR] Failed to load resource: the server responded with a status of 404 () @ https://estiigbmmcrzkgjtqmsr.supabase.co/rest/v1/rpc/now:0
[ 4021385ms] [ERROR] Failed to load resource: the server responded with a status of 404 () @ https://estiigbmmcrzkgjtqmsr.supabase.co/rest/v1/rpc/now:0
[ 4081384ms] [ERROR] Failed to load resource: the server responded with a status of 404 () @ https://estiigbmmcrzkgjtqmsr.supabase.co/rest/v1/rpc/now:0
